2021-01-22 12:04:06,814 [Worker-5: Loading available Gradle versions] INFO  o.e.b.c.i.u.g.PublishedGradleVersions - Gradle version information cache is up-to-date. Trying to read.
2021-01-22 12:04:38,250 [Worker-9: Computing Git status for repository Mysql-e-fundamentos-web] ERROR o.e.jgit.ignore.FastIgnoreRule - Not closed bracket?
org.eclipse.jgit.errors.InvalidPatternException: Not closed bracket?
	at org.eclipse.jgit.ignore.internal.Strings.convertGlob(Strings.java:409) ~[org.eclipse.jgit_5.7.0.202003110725-r.jar:5.7.0.202003110725-r]
	at org.eclipse.jgit.ignore.internal.WildCardMatcher.<init>(WildCardMatcher.java:31) ~[org.eclipse.jgit_5.7.0.202003110725-r.jar:5.7.0.202003110725-r]
	at org.eclipse.jgit.ignore.internal.PathMatcher.createNameMatcher0(PathMatcher.java:146) ~[org.eclipse.jgit_5.7.0.202003110725-r.jar:5.7.0.202003110725-r]
	at org.eclipse.jgit.ignore.internal.PathMatcher.createPathMatcher(PathMatcher.java:104) ~[org.eclipse.jgit_5.7.0.202003110725-r.jar:5.7.0.202003110725-r]
	at org.eclipse.jgit.ignore.FastIgnoreRule.<init>(FastIgnoreRule.java:95) ~[org.eclipse.jgit_5.7.0.202003110725-r.jar:5.7.0.202003110725-r]
	at org.eclipse.jgit.ignore.IgnoreNode.parse(IgnoreNode.java:82) [org.eclipse.jgit_5.7.0.202003110725-r.jar:5.7.0.202003110725-r]
	at org.eclipse.jgit.treewalk.WorkingTreeIterator$PerDirectoryIgnoreNode.load(WorkingTreeIterator.java:1273) [org.eclipse.jgit_5.7.0.202003110725-r.jar:5.7.0.202003110725-r]
	at org.eclipse.jgit.treewalk.WorkingTreeIterator.getIgnoreNode(WorkingTreeIterator.java:740) [org.eclipse.jgit_5.7.0.202003110725-r.jar:5.7.0.202003110725-r]
	at org.eclipse.jgit.treewalk.WorkingTreeIterator.isDirectoryIgnored(WorkingTreeIterator.java:1538) [org.eclipse.jgit_5.7.0.202003110725-r.jar:5.7.0.202003110725-r]
	at org.eclipse.jgit.treewalk.WorkingTreeIterator.isDirectoryIgnored(WorkingTreeIterator.java:1516) [org.eclipse.jgit_5.7.0.202003110725-r.jar:5.7.0.202003110725-r]
	at org.eclipse.jgit.treewalk.WorkingTreeIterator.isEntryIgnored(WorkingTreeIterator.java:722) [org.eclipse.jgit_5.7.0.202003110725-r.jar:5.7.0.202003110725-r]
	at org.eclipse.jgit.treewalk.WorkingTreeIterator.isEntryIgnored(WorkingTreeIterator.java:682) [org.eclipse.jgit_5.7.0.202003110725-r.jar:5.7.0.202003110725-r]
	at org.eclipse.jgit.treewalk.WorkingTreeIterator.isEntryIgnored(WorkingTreeIterator.java:669) [org.eclipse.jgit_5.7.0.202003110725-r.jar:5.7.0.202003110725-r]
	at org.eclipse.jgit.treewalk.filter.IndexDiffFilter.include(IndexDiffFilter.java:137) [org.eclipse.jgit_5.7.0.202003110725-r.jar:5.7.0.202003110725-r]
	at org.eclipse.jgit.treewalk.filter.TreeFilter.matchFilter(TreeFilter.java:195) [org.eclipse.jgit_5.7.0.202003110725-r.jar:5.7.0.202003110725-r]
	at org.eclipse.jgit.treewalk.filter.AndTreeFilter$List.matchFilter(AndTreeFilter.java:157) [org.eclipse.jgit_5.7.0.202003110725-r.jar:5.7.0.202003110725-r]
	at org.eclipse.jgit.treewalk.TreeWalk.next(TreeWalk.java:820) [org.eclipse.jgit_5.7.0.202003110725-r.jar:5.7.0.202003110725-r]
	at org.eclipse.jgit.lib.IndexDiff.diff(IndexDiff.java:477) [org.eclipse.jgit_5.7.0.202003110725-r.jar:5.7.0.202003110725-r]
	at org.eclipse.egit.core.internal.indexdiff.IndexDiffCacheEntry.lambda$6(IndexDiffCacheEntry.java:687) [org.eclipse.egit.core_5.7.0.202003110725-r.jar:na]
	at org.eclipse.egit.core.UnitOfWork.run(UnitOfWork.java:115) ~[org.eclipse.egit.core_5.7.0.202003110725-r.jar:na]
	at org.eclipse.egit.core.internal.indexdiff.IndexDiffCacheEntry.calcIndexDiffDataFull(IndexDiffCacheEntry.java:680) [org.eclipse.egit.core_5.7.0.202003110725-r.jar:na]
	at org.eclipse.egit.core.internal.indexdiff.IndexDiffCacheEntry.access$8(IndexDiffCacheEntry.java:674) [org.eclipse.egit.core_5.7.0.202003110725-r.jar:na]
	at org.eclipse.egit.core.internal.indexdiff.IndexDiffCacheEntry$4.run(IndexDiffCacheEntry.java:420) ~[org.eclipse.egit.core_5.7.0.202003110725-r.jar:na]
	at org.eclipse.core.internal.jobs.Worker.run(Worker.java:63) ~[org.eclipse.core.jobs_3.10.700.v20200106-1020.jar:na]
2021-01-22 12:04:38,303 [Worker-9: Computing Git status for repository Mysql-e-fundamentos-web] ERROR o.e.jgit.ignore.FastIgnoreRule - Not closed bracket?
org.eclipse.jgit.errors.InvalidPatternException: Not closed bracket?
	at org.eclipse.jgit.ignore.internal.Strings.convertGlob(Strings.java:409) ~[org.eclipse.jgit_5.7.0.202003110725-r.jar:5.7.0.202003110725-r]
	at org.eclipse.jgit.ignore.internal.WildCardMatcher.<init>(WildCardMatcher.java:31) ~[org.eclipse.jgit_5.7.0.202003110725-r.jar:5.7.0.202003110725-r]
	at org.eclipse.jgit.ignore.internal.PathMatcher.createNameMatcher0(PathMatcher.java:146) ~[org.eclipse.jgit_5.7.0.202003110725-r.jar:5.7.0.202003110725-r]
	at org.eclipse.jgit.ignore.internal.PathMatcher.createPathMatcher(PathMatcher.java:104) ~[org.eclipse.jgit_5.7.0.202003110725-r.jar:5.7.0.202003110725-r]
	at org.eclipse.jgit.ignore.FastIgnoreRule.<init>(FastIgnoreRule.java:95) ~[org.eclipse.jgit_5.7.0.202003110725-r.jar:5.7.0.202003110725-r]
	at org.eclipse.jgit.ignore.IgnoreNode.parse(IgnoreNode.java:82) [org.eclipse.jgit_5.7.0.202003110725-r.jar:5.7.0.202003110725-r]
	at org.eclipse.jgit.treewalk.WorkingTreeIterator$PerDirectoryIgnoreNode.load(WorkingTreeIterator.java:1273) [org.eclipse.jgit_5.7.0.202003110725-r.jar:5.7.0.202003110725-r]
	at org.eclipse.jgit.treewalk.WorkingTreeIterator.getIgnoreNode(WorkingTreeIterator.java:740) [org.eclipse.jgit_5.7.0.202003110725-r.jar:5.7.0.202003110725-r]
	at org.eclipse.jgit.treewalk.WorkingTreeIterator.isDirectoryIgnored(WorkingTreeIterator.java:1538) [org.eclipse.jgit_5.7.0.202003110725-r.jar:5.7.0.202003110725-r]
	at org.eclipse.jgit.treewalk.WorkingTreeIterator.isDirectoryIgnored(WorkingTreeIterator.java:1516) [org.eclipse.jgit_5.7.0.202003110725-r.jar:5.7.0.202003110725-r]
	at org.eclipse.jgit.treewalk.WorkingTreeIterator.isEntryIgnored(WorkingTreeIterator.java:722) [org.eclipse.jgit_5.7.0.202003110725-r.jar:5.7.0.202003110725-r]
	at org.eclipse.jgit.treewalk.WorkingTreeIterator.isEntryIgnored(WorkingTreeIterator.java:682) [org.eclipse.jgit_5.7.0.202003110725-r.jar:5.7.0.202003110725-r]
	at org.eclipse.jgit.treewalk.WorkingTreeIterator.isEntryIgnored(WorkingTreeIterator.java:669) [org.eclipse.jgit_5.7.0.202003110725-r.jar:5.7.0.202003110725-r]
	at org.eclipse.jgit.treewalk.filter.IndexDiffFilter.include(IndexDiffFilter.java:137) [org.eclipse.jgit_5.7.0.202003110725-r.jar:5.7.0.202003110725-r]
	at org.eclipse.jgit.treewalk.filter.TreeFilter.matchFilter(TreeFilter.java:195) [org.eclipse.jgit_5.7.0.202003110725-r.jar:5.7.0.202003110725-r]
	at org.eclipse.jgit.treewalk.filter.AndTreeFilter$List.matchFilter(AndTreeFilter.java:157) [org.eclipse.jgit_5.7.0.202003110725-r.jar:5.7.0.202003110725-r]
	at org.eclipse.jgit.treewalk.TreeWalk.next(TreeWalk.java:820) [org.eclipse.jgit_5.7.0.202003110725-r.jar:5.7.0.202003110725-r]
	at org.eclipse.jgit.lib.IndexDiff.diff(IndexDiff.java:477) [org.eclipse.jgit_5.7.0.202003110725-r.jar:5.7.0.202003110725-r]
	at org.eclipse.egit.core.internal.indexdiff.IndexDiffCacheEntry.lambda$6(IndexDiffCacheEntry.java:687) [org.eclipse.egit.core_5.7.0.202003110725-r.jar:na]
	at org.eclipse.egit.core.UnitOfWork.run(UnitOfWork.java:115) ~[org.eclipse.egit.core_5.7.0.202003110725-r.jar:na]
	at org.eclipse.egit.core.internal.indexdiff.IndexDiffCacheEntry.calcIndexDiffDataFull(IndexDiffCacheEntry.java:680) [org.eclipse.egit.core_5.7.0.202003110725-r.jar:na]
	at org.eclipse.egit.core.internal.indexdiff.IndexDiffCacheEntry.access$8(IndexDiffCacheEntry.java:674) [org.eclipse.egit.core_5.7.0.202003110725-r.jar:na]
	at org.eclipse.egit.core.internal.indexdiff.IndexDiffCacheEntry$4.run(IndexDiffCacheEntry.java:420) ~[org.eclipse.egit.core_5.7.0.202003110725-r.jar:na]
	at org.eclipse.core.internal.jobs.Worker.run(Worker.java:63) ~[org.eclipse.core.jobs_3.10.700.v20200106-1020.jar:na]
2021-01-22 12:04:38,311 [Worker-9: Computing Git status for repository Mysql-e-fundamentos-web] ERROR o.e.jgit.ignore.FastIgnoreRule - Not closed bracket?
org.eclipse.jgit.errors.InvalidPatternException: Not closed bracket?
	at org.eclipse.jgit.ignore.internal.Strings.convertGlob(Strings.java:409) ~[org.eclipse.jgit_5.7.0.202003110725-r.jar:5.7.0.202003110725-r]
	at org.eclipse.jgit.ignore.internal.WildCardMatcher.<init>(WildCardMatcher.java:31) ~[org.eclipse.jgit_5.7.0.202003110725-r.jar:5.7.0.202003110725-r]
	at org.eclipse.jgit.ignore.internal.PathMatcher.createNameMatcher0(PathMatcher.java:146) ~[org.eclipse.jgit_5.7.0.202003110725-r.jar:5.7.0.202003110725-r]
	at org.eclipse.jgit.ignore.internal.PathMatcher.createPathMatcher(PathMatcher.java:104) ~[org.eclipse.jgit_5.7.0.202003110725-r.jar:5.7.0.202003110725-r]
	at org.eclipse.jgit.ignore.FastIgnoreRule.<init>(FastIgnoreRule.java:95) ~[org.eclipse.jgit_5.7.0.202003110725-r.jar:5.7.0.202003110725-r]
	at org.eclipse.jgit.ignore.IgnoreNode.parse(IgnoreNode.java:82) [org.eclipse.jgit_5.7.0.202003110725-r.jar:5.7.0.202003110725-r]
	at org.eclipse.jgit.treewalk.WorkingTreeIterator$PerDirectoryIgnoreNode.load(WorkingTreeIterator.java:1273) [org.eclipse.jgit_5.7.0.202003110725-r.jar:5.7.0.202003110725-r]
	at org.eclipse.jgit.treewalk.WorkingTreeIterator.getIgnoreNode(WorkingTreeIterator.java:740) [org.eclipse.jgit_5.7.0.202003110725-r.jar:5.7.0.202003110725-r]
	at org.eclipse.jgit.treewalk.WorkingTreeIterator.isDirectoryIgnored(WorkingTreeIterator.java:1538) [org.eclipse.jgit_5.7.0.202003110725-r.jar:5.7.0.202003110725-r]
	at org.eclipse.jgit.treewalk.WorkingTreeIterator.isDirectoryIgnored(WorkingTreeIterator.java:1516) [org.eclipse.jgit_5.7.0.202003110725-r.jar:5.7.0.202003110725-r]
	at org.eclipse.jgit.treewalk.WorkingTreeIterator.isEntryIgnored(WorkingTreeIterator.java:722) [org.eclipse.jgit_5.7.0.202003110725-r.jar:5.7.0.202003110725-r]
	at org.eclipse.jgit.treewalk.WorkingTreeIterator.isEntryIgnored(WorkingTreeIterator.java:682) [org.eclipse.jgit_5.7.0.202003110725-r.jar:5.7.0.202003110725-r]
	at org.eclipse.jgit.treewalk.WorkingTreeIterator.isEntryIgnored(WorkingTreeIterator.java:669) [org.eclipse.jgit_5.7.0.202003110725-r.jar:5.7.0.202003110725-r]
	at org.eclipse.jgit.treewalk.filter.IndexDiffFilter.include(IndexDiffFilter.java:137) [org.eclipse.jgit_5.7.0.202003110725-r.jar:5.7.0.202003110725-r]
	at org.eclipse.jgit.treewalk.filter.TreeFilter.matchFilter(TreeFilter.java:195) [org.eclipse.jgit_5.7.0.202003110725-r.jar:5.7.0.202003110725-r]
	at org.eclipse.jgit.treewalk.filter.AndTreeFilter$List.matchFilter(AndTreeFilter.java:157) [org.eclipse.jgit_5.7.0.202003110725-r.jar:5.7.0.202003110725-r]
	at org.eclipse.jgit.treewalk.TreeWalk.next(TreeWalk.java:820) [org.eclipse.jgit_5.7.0.202003110725-r.jar:5.7.0.202003110725-r]
	at org.eclipse.jgit.lib.IndexDiff.diff(IndexDiff.java:477) [org.eclipse.jgit_5.7.0.202003110725-r.jar:5.7.0.202003110725-r]
	at org.eclipse.egit.core.internal.indexdiff.IndexDiffCacheEntry.lambda$6(IndexDiffCacheEntry.java:687) [org.eclipse.egit.core_5.7.0.202003110725-r.jar:na]
	at org.eclipse.egit.core.UnitOfWork.run(UnitOfWork.java:115) ~[org.eclipse.egit.core_5.7.0.202003110725-r.jar:na]
	at org.eclipse.egit.core.internal.indexdiff.IndexDiffCacheEntry.calcIndexDiffDataFull(IndexDiffCacheEntry.java:680) [org.eclipse.egit.core_5.7.0.202003110725-r.jar:na]
	at org.eclipse.egit.core.internal.indexdiff.IndexDiffCacheEntry.access$8(IndexDiffCacheEntry.java:674) [org.eclipse.egit.core_5.7.0.202003110725-r.jar:na]
	at org.eclipse.egit.core.internal.indexdiff.IndexDiffCacheEntry$4.run(IndexDiffCacheEntry.java:420) ~[org.eclipse.egit.core_5.7.0.202003110725-r.jar:na]
	at org.eclipse.core.internal.jobs.Worker.run(Worker.java:63) ~[org.eclipse.core.jobs_3.10.700.v20200106-1020.jar:na]
2021-01-22 12:04:38,319 [Worker-9: Computing Git status for repository Mysql-e-fundamentos-web] ERROR o.e.jgit.ignore.FastIgnoreRule - Not closed bracket?
org.eclipse.jgit.errors.InvalidPatternException: Not closed bracket?
	at org.eclipse.jgit.ignore.internal.Strings.convertGlob(Strings.java:409) ~[org.eclipse.jgit_5.7.0.202003110725-r.jar:5.7.0.202003110725-r]
	at org.eclipse.jgit.ignore.internal.WildCardMatcher.<init>(WildCardMatcher.java:31) ~[org.eclipse.jgit_5.7.0.202003110725-r.jar:5.7.0.202003110725-r]
	at org.eclipse.jgit.ignore.internal.PathMatcher.createNameMatcher0(PathMatcher.java:146) ~[org.eclipse.jgit_5.7.0.202003110725-r.jar:5.7.0.202003110725-r]
	at org.eclipse.jgit.ignore.internal.PathMatcher.createPathMatcher(PathMatcher.java:104) ~[org.eclipse.jgit_5.7.0.202003110725-r.jar:5.7.0.202003110725-r]
	at org.eclipse.jgit.ignore.FastIgnoreRule.<init>(FastIgnoreRule.java:95) ~[org.eclipse.jgit_5.7.0.202003110725-r.jar:5.7.0.202003110725-r]
	at org.eclipse.jgit.ignore.IgnoreNode.parse(IgnoreNode.java:82) [org.eclipse.jgit_5.7.0.202003110725-r.jar:5.7.0.202003110725-r]
	at org.eclipse.jgit.treewalk.WorkingTreeIterator$PerDirectoryIgnoreNode.load(WorkingTreeIterator.java:1273) [org.eclipse.jgit_5.7.0.202003110725-r.jar:5.7.0.202003110725-r]
	at org.eclipse.jgit.treewalk.WorkingTreeIterator.getIgnoreNode(WorkingTreeIterator.java:740) [org.eclipse.jgit_5.7.0.202003110725-r.jar:5.7.0.202003110725-r]
	at org.eclipse.jgit.treewalk.WorkingTreeIterator.isDirectoryIgnored(WorkingTreeIterator.java:1538) [org.eclipse.jgit_5.7.0.202003110725-r.jar:5.7.0.202003110725-r]
	at org.eclipse.jgit.treewalk.WorkingTreeIterator.isDirectoryIgnored(WorkingTreeIterator.java:1516) [org.eclipse.jgit_5.7.0.202003110725-r.jar:5.7.0.202003110725-r]
	at org.eclipse.jgit.treewalk.WorkingTreeIterator.isEntryIgnored(WorkingTreeIterator.java:722) [org.eclipse.jgit_5.7.0.202003110725-r.jar:5.7.0.202003110725-r]
	at org.eclipse.jgit.treewalk.WorkingTreeIterator.isEntryIgnored(WorkingTreeIterator.java:682) [org.eclipse.jgit_5.7.0.202003110725-r.jar:5.7.0.202003110725-r]
	at org.eclipse.jgit.treewalk.WorkingTreeIterator.isEntryIgnored(WorkingTreeIterator.java:669) [org.eclipse.jgit_5.7.0.202003110725-r.jar:5.7.0.202003110725-r]
	at org.eclipse.jgit.treewalk.filter.IndexDiffFilter.include(IndexDiffFilter.java:137) [org.eclipse.jgit_5.7.0.202003110725-r.jar:5.7.0.202003110725-r]
	at org.eclipse.jgit.treewalk.filter.TreeFilter.matchFilter(TreeFilter.java:195) [org.eclipse.jgit_5.7.0.202003110725-r.jar:5.7.0.202003110725-r]
	at org.eclipse.jgit.treewalk.filter.AndTreeFilter$List.matchFilter(AndTreeFilter.java:157) [org.eclipse.jgit_5.7.0.202003110725-r.jar:5.7.0.202003110725-r]
	at org.eclipse.jgit.treewalk.TreeWalk.next(TreeWalk.java:820) [org.eclipse.jgit_5.7.0.202003110725-r.jar:5.7.0.202003110725-r]
	at org.eclipse.jgit.lib.IndexDiff.diff(IndexDiff.java:477) [org.eclipse.jgit_5.7.0.202003110725-r.jar:5.7.0.202003110725-r]
	at org.eclipse.egit.core.internal.indexdiff.IndexDiffCacheEntry.lambda$6(IndexDiffCacheEntry.java:687) [org.eclipse.egit.core_5.7.0.202003110725-r.jar:na]
	at org.eclipse.egit.core.UnitOfWork.run(UnitOfWork.java:115) ~[org.eclipse.egit.core_5.7.0.202003110725-r.jar:na]
	at org.eclipse.egit.core.internal.indexdiff.IndexDiffCacheEntry.calcIndexDiffDataFull(IndexDiffCacheEntry.java:680) [org.eclipse.egit.core_5.7.0.202003110725-r.jar:na]
	at org.eclipse.egit.core.internal.indexdiff.IndexDiffCacheEntry.access$8(IndexDiffCacheEntry.java:674) [org.eclipse.egit.core_5.7.0.202003110725-r.jar:na]
	at org.eclipse.egit.core.internal.indexdiff.IndexDiffCacheEntry$4.run(IndexDiffCacheEntry.java:420) ~[org.eclipse.egit.core_5.7.0.202003110725-r.jar:na]
	at org.eclipse.core.internal.jobs.Worker.run(Worker.java:63) ~[org.eclipse.core.jobs_3.10.700.v20200106-1020.jar:na]
2021-01-22 12:04:38,327 [Worker-9: Computing Git status for repository Mysql-e-fundamentos-web] ERROR o.e.jgit.ignore.FastIgnoreRule - Not closed bracket?
org.eclipse.jgit.errors.InvalidPatternException: Not closed bracket?
	at org.eclipse.jgit.ignore.internal.Strings.convertGlob(Strings.java:409) ~[org.eclipse.jgit_5.7.0.202003110725-r.jar:5.7.0.202003110725-r]
	at org.eclipse.jgit.ignore.internal.WildCardMatcher.<init>(WildCardMatcher.java:31) ~[org.eclipse.jgit_5.7.0.202003110725-r.jar:5.7.0.202003110725-r]
	at org.eclipse.jgit.ignore.internal.PathMatcher.createNameMatcher0(PathMatcher.java:146) ~[org.eclipse.jgit_5.7.0.202003110725-r.jar:5.7.0.202003110725-r]
	at org.eclipse.jgit.ignore.internal.PathMatcher.createPathMatcher(PathMatcher.java:104) ~[org.eclipse.jgit_5.7.0.202003110725-r.jar:5.7.0.202003110725-r]
	at org.eclipse.jgit.ignore.FastIgnoreRule.<init>(FastIgnoreRule.java:95) ~[org.eclipse.jgit_5.7.0.202003110725-r.jar:5.7.0.202003110725-r]
	at org.eclipse.jgit.ignore.IgnoreNode.parse(IgnoreNode.java:82) [org.eclipse.jgit_5.7.0.202003110725-r.jar:5.7.0.202003110725-r]
	at org.eclipse.jgit.treewalk.WorkingTreeIterator$PerDirectoryIgnoreNode.load(WorkingTreeIterator.java:1273) [org.eclipse.jgit_5.7.0.202003110725-r.jar:5.7.0.202003110725-r]
	at org.eclipse.jgit.treewalk.WorkingTreeIterator.getIgnoreNode(WorkingTreeIterator.java:740) [org.eclipse.jgit_5.7.0.202003110725-r.jar:5.7.0.202003110725-r]
	at org.eclipse.jgit.treewalk.WorkingTreeIterator.isDirectoryIgnored(WorkingTreeIterator.java:1538) [org.eclipse.jgit_5.7.0.202003110725-r.jar:5.7.0.202003110725-r]
	at org.eclipse.jgit.treewalk.WorkingTreeIterator.isDirectoryIgnored(WorkingTreeIterator.java:1516) [org.eclipse.jgit_5.7.0.202003110725-r.jar:5.7.0.202003110725-r]
	at org.eclipse.jgit.treewalk.WorkingTreeIterator.isEntryIgnored(WorkingTreeIterator.java:722) [org.eclipse.jgit_5.7.0.202003110725-r.jar:5.7.0.202003110725-r]
	at org.eclipse.jgit.treewalk.WorkingTreeIterator.isEntryIgnored(WorkingTreeIterator.java:682) [org.eclipse.jgit_5.7.0.202003110725-r.jar:5.7.0.202003110725-r]
	at org.eclipse.jgit.treewalk.WorkingTreeIterator.isEntryIgnored(WorkingTreeIterator.java:669) [org.eclipse.jgit_5.7.0.202003110725-r.jar:5.7.0.202003110725-r]
	at org.eclipse.jgit.treewalk.filter.IndexDiffFilter.include(IndexDiffFilter.java:137) [org.eclipse.jgit_5.7.0.202003110725-r.jar:5.7.0.202003110725-r]
	at org.eclipse.jgit.treewalk.filter.TreeFilter.matchFilter(TreeFilter.java:195) [org.eclipse.jgit_5.7.0.202003110725-r.jar:5.7.0.202003110725-r]
	at org.eclipse.jgit.treewalk.filter.AndTreeFilter$List.matchFilter(AndTreeFilter.java:157) [org.eclipse.jgit_5.7.0.202003110725-r.jar:5.7.0.202003110725-r]
	at org.eclipse.jgit.treewalk.TreeWalk.next(TreeWalk.java:820) [org.eclipse.jgit_5.7.0.202003110725-r.jar:5.7.0.202003110725-r]
	at org.eclipse.jgit.lib.IndexDiff.diff(IndexDiff.java:477) [org.eclipse.jgit_5.7.0.202003110725-r.jar:5.7.0.202003110725-r]
	at org.eclipse.egit.core.internal.indexdiff.IndexDiffCacheEntry.lambda$6(IndexDiffCacheEntry.java:687) [org.eclipse.egit.core_5.7.0.202003110725-r.jar:na]
	at org.eclipse.egit.core.UnitOfWork.run(UnitOfWork.java:115) ~[org.eclipse.egit.core_5.7.0.202003110725-r.jar:na]
	at org.eclipse.egit.core.internal.indexdiff.IndexDiffCacheEntry.calcIndexDiffDataFull(IndexDiffCacheEntry.java:680) [org.eclipse.egit.core_5.7.0.202003110725-r.jar:na]
	at org.eclipse.egit.core.internal.indexdiff.IndexDiffCacheEntry.access$8(IndexDiffCacheEntry.java:674) [org.eclipse.egit.core_5.7.0.202003110725-r.jar:na]
	at org.eclipse.egit.core.internal.indexdiff.IndexDiffCacheEntry$4.run(IndexDiffCacheEntry.java:420) ~[org.eclipse.egit.core_5.7.0.202003110725-r.jar:na]
	at org.eclipse.core.internal.jobs.Worker.run(Worker.java:63) ~[org.eclipse.core.jobs_3.10.700.v20200106-1020.jar:na]
2021-01-22 12:04:38,334 [Worker-9: Computing Git status for repository Mysql-e-fundamentos-web] ERROR o.e.jgit.ignore.FastIgnoreRule - Not closed bracket?
org.eclipse.jgit.errors.InvalidPatternException: Not closed bracket?
	at org.eclipse.jgit.ignore.internal.Strings.convertGlob(Strings.java:409) ~[org.eclipse.jgit_5.7.0.202003110725-r.jar:5.7.0.202003110725-r]
	at org.eclipse.jgit.ignore.internal.WildCardMatcher.<init>(WildCardMatcher.java:31) ~[org.eclipse.jgit_5.7.0.202003110725-r.jar:5.7.0.202003110725-r]
	at org.eclipse.jgit.ignore.internal.PathMatcher.createNameMatcher0(PathMatcher.java:146) ~[org.eclipse.jgit_5.7.0.202003110725-r.jar:5.7.0.202003110725-r]
	at org.eclipse.jgit.ignore.internal.PathMatcher.createPathMatcher(PathMatcher.java:104) ~[org.eclipse.jgit_5.7.0.202003110725-r.jar:5.7.0.202003110725-r]
	at org.eclipse.jgit.ignore.FastIgnoreRule.<init>(FastIgnoreRule.java:95) ~[org.eclipse.jgit_5.7.0.202003110725-r.jar:5.7.0.202003110725-r]
	at org.eclipse.jgit.ignore.IgnoreNode.parse(IgnoreNode.java:82) [org.eclipse.jgit_5.7.0.202003110725-r.jar:5.7.0.202003110725-r]
	at org.eclipse.jgit.treewalk.WorkingTreeIterator$PerDirectoryIgnoreNode.load(WorkingTreeIterator.java:1273) [org.eclipse.jgit_5.7.0.202003110725-r.jar:5.7.0.202003110725-r]
	at org.eclipse.jgit.treewalk.WorkingTreeIterator.getIgnoreNode(WorkingTreeIterator.java:740) [org.eclipse.jgit_5.7.0.202003110725-r.jar:5.7.0.202003110725-r]
	at org.eclipse.jgit.treewalk.WorkingTreeIterator.isDirectoryIgnored(WorkingTreeIterator.java:1538) [org.eclipse.jgit_5.7.0.202003110725-r.jar:5.7.0.202003110725-r]
	at org.eclipse.jgit.treewalk.WorkingTreeIterator.isDirectoryIgnored(WorkingTreeIterator.java:1516) [org.eclipse.jgit_5.7.0.202003110725-r.jar:5.7.0.202003110725-r]
	at org.eclipse.jgit.treewalk.WorkingTreeIterator.isEntryIgnored(WorkingTreeIterator.java:722) [org.eclipse.jgit_5.7.0.202003110725-r.jar:5.7.0.202003110725-r]
	at org.eclipse.jgit.treewalk.WorkingTreeIterator.isEntryIgnored(WorkingTreeIterator.java:682) [org.eclipse.jgit_5.7.0.202003110725-r.jar:5.7.0.202003110725-r]
	at org.eclipse.jgit.treewalk.WorkingTreeIterator.isEntryIgnored(WorkingTreeIterator.java:669) [org.eclipse.jgit_5.7.0.202003110725-r.jar:5.7.0.202003110725-r]
	at org.eclipse.jgit.treewalk.filter.IndexDiffFilter.include(IndexDiffFilter.java:137) [org.eclipse.jgit_5.7.0.202003110725-r.jar:5.7.0.202003110725-r]
	at org.eclipse.jgit.treewalk.filter.TreeFilter.matchFilter(TreeFilter.java:195) [org.eclipse.jgit_5.7.0.202003110725-r.jar:5.7.0.202003110725-r]
	at org.eclipse.jgit.treewalk.filter.AndTreeFilter$List.matchFilter(AndTreeFilter.java:157) [org.eclipse.jgit_5.7.0.202003110725-r.jar:5.7.0.202003110725-r]
	at org.eclipse.jgit.treewalk.TreeWalk.next(TreeWalk.java:820) [org.eclipse.jgit_5.7.0.202003110725-r.jar:5.7.0.202003110725-r]
	at org.eclipse.jgit.lib.IndexDiff.diff(IndexDiff.java:477) [org.eclipse.jgit_5.7.0.202003110725-r.jar:5.7.0.202003110725-r]
	at org.eclipse.egit.core.internal.indexdiff.IndexDiffCacheEntry.lambda$6(IndexDiffCacheEntry.java:687) [org.eclipse.egit.core_5.7.0.202003110725-r.jar:na]
	at org.eclipse.egit.core.UnitOfWork.run(UnitOfWork.java:115) ~[org.eclipse.egit.core_5.7.0.202003110725-r.jar:na]
	at org.eclipse.egit.core.internal.indexdiff.IndexDiffCacheEntry.calcIndexDiffDataFull(IndexDiffCacheEntry.java:680) [org.eclipse.egit.core_5.7.0.202003110725-r.jar:na]
	at org.eclipse.egit.core.internal.indexdiff.IndexDiffCacheEntry.access$8(IndexDiffCacheEntry.java:674) [org.eclipse.egit.core_5.7.0.202003110725-r.jar:na]
	at org.eclipse.egit.core.internal.indexdiff.IndexDiffCacheEntry$4.run(IndexDiffCacheEntry.java:420) ~[org.eclipse.egit.core_5.7.0.202003110725-r.jar:na]
	at org.eclipse.core.internal.jobs.Worker.run(Worker.java:63) ~[org.eclipse.core.jobs_3.10.700.v20200106-1020.jar:na]
2021-01-22 12:04:38,341 [Worker-9: Computing Git status for repository Mysql-e-fundamentos-web] ERROR o.e.jgit.ignore.FastIgnoreRule - Not closed bracket?
org.eclipse.jgit.errors.InvalidPatternException: Not closed bracket?
	at org.eclipse.jgit.ignore.internal.Strings.convertGlob(Strings.java:409) ~[org.eclipse.jgit_5.7.0.202003110725-r.jar:5.7.0.202003110725-r]
	at org.eclipse.jgit.ignore.internal.WildCardMatcher.<init>(WildCardMatcher.java:31) ~[org.eclipse.jgit_5.7.0.202003110725-r.jar:5.7.0.202003110725-r]
	at org.eclipse.jgit.ignore.internal.PathMatcher.createNameMatcher0(PathMatcher.java:146) ~[org.eclipse.jgit_5.7.0.202003110725-r.jar:5.7.0.202003110725-r]
	at org.eclipse.jgit.ignore.internal.PathMatcher.createPathMatcher(PathMatcher.java:104) ~[org.eclipse.jgit_5.7.0.202003110725-r.jar:5.7.0.202003110725-r]
	at org.eclipse.jgit.ignore.FastIgnoreRule.<init>(FastIgnoreRule.java:95) ~[org.eclipse.jgit_5.7.0.202003110725-r.jar:5.7.0.202003110725-r]
	at org.eclipse.jgit.ignore.IgnoreNode.parse(IgnoreNode.java:82) [org.eclipse.jgit_5.7.0.202003110725-r.jar:5.7.0.202003110725-r]
	at org.eclipse.jgit.treewalk.WorkingTreeIterator$PerDirectoryIgnoreNode.load(WorkingTreeIterator.java:1273) [org.eclipse.jgit_5.7.0.202003110725-r.jar:5.7.0.202003110725-r]
	at org.eclipse.jgit.treewalk.WorkingTreeIterator.getIgnoreNode(WorkingTreeIterator.java:740) [org.eclipse.jgit_5.7.0.202003110725-r.jar:5.7.0.202003110725-r]
	at org.eclipse.jgit.treewalk.WorkingTreeIterator.isDirectoryIgnored(WorkingTreeIterator.java:1538) [org.eclipse.jgit_5.7.0.202003110725-r.jar:5.7.0.202003110725-r]
	at org.eclipse.jgit.treewalk.WorkingTreeIterator.isDirectoryIgnored(WorkingTreeIterator.java:1516) [org.eclipse.jgit_5.7.0.202003110725-r.jar:5.7.0.202003110725-r]
	at org.eclipse.jgit.treewalk.WorkingTreeIterator.isEntryIgnored(WorkingTreeIterator.java:722) [org.eclipse.jgit_5.7.0.202003110725-r.jar:5.7.0.202003110725-r]
	at org.eclipse.jgit.treewalk.WorkingTreeIterator.isEntryIgnored(WorkingTreeIterator.java:682) [org.eclipse.jgit_5.7.0.202003110725-r.jar:5.7.0.202003110725-r]
	at org.eclipse.jgit.treewalk.WorkingTreeIterator.isEntryIgnored(WorkingTreeIterator.java:669) [org.eclipse.jgit_5.7.0.202003110725-r.jar:5.7.0.202003110725-r]
	at org.eclipse.jgit.treewalk.filter.IndexDiffFilter.include(IndexDiffFilter.java:137) [org.eclipse.jgit_5.7.0.202003110725-r.jar:5.7.0.202003110725-r]
	at org.eclipse.jgit.treewalk.filter.TreeFilter.matchFilter(TreeFilter.java:195) [org.eclipse.jgit_5.7.0.202003110725-r.jar:5.7.0.202003110725-r]
	at org.eclipse.jgit.treewalk.filter.AndTreeFilter$List.matchFilter(AndTreeFilter.java:157) [org.eclipse.jgit_5.7.0.202003110725-r.jar:5.7.0.202003110725-r]
	at org.eclipse.jgit.treewalk.TreeWalk.next(TreeWalk.java:820) [org.eclipse.jgit_5.7.0.202003110725-r.jar:5.7.0.202003110725-r]
	at org.eclipse.jgit.lib.IndexDiff.diff(IndexDiff.java:477) [org.eclipse.jgit_5.7.0.202003110725-r.jar:5.7.0.202003110725-r]
	at org.eclipse.egit.core.internal.indexdiff.IndexDiffCacheEntry.lambda$6(IndexDiffCacheEntry.java:687) [org.eclipse.egit.core_5.7.0.202003110725-r.jar:na]
	at org.eclipse.egit.core.UnitOfWork.run(UnitOfWork.java:115) ~[org.eclipse.egit.core_5.7.0.202003110725-r.jar:na]
	at org.eclipse.egit.core.internal.indexdiff.IndexDiffCacheEntry.calcIndexDiffDataFull(IndexDiffCacheEntry.java:680) [org.eclipse.egit.core_5.7.0.202003110725-r.jar:na]
	at org.eclipse.egit.core.internal.indexdiff.IndexDiffCacheEntry.access$8(IndexDiffCacheEntry.java:674) [org.eclipse.egit.core_5.7.0.202003110725-r.jar:na]
	at org.eclipse.egit.core.internal.indexdiff.IndexDiffCacheEntry$4.run(IndexDiffCacheEntry.java:420) ~[org.eclipse.egit.core_5.7.0.202003110725-r.jar:na]
	at org.eclipse.core.internal.jobs.Worker.run(Worker.java:63) ~[org.eclipse.core.jobs_3.10.700.v20200106-1020.jar:na]
2021-01-22 12:04:38,348 [Worker-9: Computing Git status for repository Mysql-e-fundamentos-web] ERROR o.e.jgit.ignore.FastIgnoreRule - Not closed bracket?
org.eclipse.jgit.errors.InvalidPatternException: Not closed bracket?
	at org.eclipse.jgit.ignore.internal.Strings.convertGlob(Strings.java:409) ~[org.eclipse.jgit_5.7.0.202003110725-r.jar:5.7.0.202003110725-r]
	at org.eclipse.jgit.ignore.internal.WildCardMatcher.<init>(WildCardMatcher.java:31) ~[org.eclipse.jgit_5.7.0.202003110725-r.jar:5.7.0.202003110725-r]
	at org.eclipse.jgit.ignore.internal.PathMatcher.createNameMatcher0(PathMatcher.java:146) ~[org.eclipse.jgit_5.7.0.202003110725-r.jar:5.7.0.202003110725-r]
	at org.eclipse.jgit.ignore.internal.PathMatcher.createPathMatcher(PathMatcher.java:104) ~[org.eclipse.jgit_5.7.0.202003110725-r.jar:5.7.0.202003110725-r]
	at org.eclipse.jgit.ignore.FastIgnoreRule.<init>(FastIgnoreRule.java:95) ~[org.eclipse.jgit_5.7.0.202003110725-r.jar:5.7.0.202003110725-r]
	at org.eclipse.jgit.ignore.IgnoreNode.parse(IgnoreNode.java:82) [org.eclipse.jgit_5.7.0.202003110725-r.jar:5.7.0.202003110725-r]
	at org.eclipse.jgit.treewalk.WorkingTreeIterator$PerDirectoryIgnoreNode.load(WorkingTreeIterator.java:1273) [org.eclipse.jgit_5.7.0.202003110725-r.jar:5.7.0.202003110725-r]
	at org.eclipse.jgit.treewalk.WorkingTreeIterator.getIgnoreNode(WorkingTreeIterator.java:740) [org.eclipse.jgit_5.7.0.202003110725-r.jar:5.7.0.202003110725-r]
	at org.eclipse.jgit.treewalk.WorkingTreeIterator.isDirectoryIgnored(WorkingTreeIterator.java:1538) [org.eclipse.jgit_5.7.0.202003110725-r.jar:5.7.0.202003110725-r]
	at org.eclipse.jgit.treewalk.WorkingTreeIterator.isDirectoryIgnored(WorkingTreeIterator.java:1516) [org.eclipse.jgit_5.7.0.202003110725-r.jar:5.7.0.202003110725-r]
	at org.eclipse.jgit.treewalk.WorkingTreeIterator.isEntryIgnored(WorkingTreeIterator.java:722) [org.eclipse.jgit_5.7.0.202003110725-r.jar:5.7.0.202003110725-r]
	at org.eclipse.jgit.treewalk.WorkingTreeIterator.isEntryIgnored(WorkingTreeIterator.java:682) [org.eclipse.jgit_5.7.0.202003110725-r.jar:5.7.0.202003110725-r]
	at org.eclipse.jgit.treewalk.WorkingTreeIterator.isEntryIgnored(WorkingTreeIterator.java:669) [org.eclipse.jgit_5.7.0.202003110725-r.jar:5.7.0.202003110725-r]
	at org.eclipse.jgit.treewalk.filter.IndexDiffFilter.include(IndexDiffFilter.java:137) [org.eclipse.jgit_5.7.0.202003110725-r.jar:5.7.0.202003110725-r]
	at org.eclipse.jgit.treewalk.filter.TreeFilter.matchFilter(TreeFilter.java:195) [org.eclipse.jgit_5.7.0.202003110725-r.jar:5.7.0.202003110725-r]
	at org.eclipse.jgit.treewalk.filter.AndTreeFilter$List.matchFilter(AndTreeFilter.java:157) [org.eclipse.jgit_5.7.0.202003110725-r.jar:5.7.0.202003110725-r]
	at org.eclipse.jgit.treewalk.TreeWalk.next(TreeWalk.java:820) [org.eclipse.jgit_5.7.0.202003110725-r.jar:5.7.0.202003110725-r]
	at org.eclipse.jgit.lib.IndexDiff.diff(IndexDiff.java:477) [org.eclipse.jgit_5.7.0.202003110725-r.jar:5.7.0.202003110725-r]
	at org.eclipse.egit.core.internal.indexdiff.IndexDiffCacheEntry.lambda$6(IndexDiffCacheEntry.java:687) [org.eclipse.egit.core_5.7.0.202003110725-r.jar:na]
	at org.eclipse.egit.core.UnitOfWork.run(UnitOfWork.java:115) ~[org.eclipse.egit.core_5.7.0.202003110725-r.jar:na]
	at org.eclipse.egit.core.internal.indexdiff.IndexDiffCacheEntry.calcIndexDiffDataFull(IndexDiffCacheEntry.java:680) [org.eclipse.egit.core_5.7.0.202003110725-r.jar:na]
	at org.eclipse.egit.core.internal.indexdiff.IndexDiffCacheEntry.access$8(IndexDiffCacheEntry.java:674) [org.eclipse.egit.core_5.7.0.202003110725-r.jar:na]
	at org.eclipse.egit.core.internal.indexdiff.IndexDiffCacheEntry$4.run(IndexDiffCacheEntry.java:420) ~[org.eclipse.egit.core_5.7.0.202003110725-r.jar:na]
	at org.eclipse.core.internal.jobs.Worker.run(Worker.java:63) ~[org.eclipse.core.jobs_3.10.700.v20200106-1020.jar:na]
2021-01-22 12:04:38,355 [Worker-9: Computing Git status for repository Mysql-e-fundamentos-web] ERROR o.e.jgit.ignore.FastIgnoreRule - Not closed bracket?
org.eclipse.jgit.errors.InvalidPatternException: Not closed bracket?
	at org.eclipse.jgit.ignore.internal.Strings.convertGlob(Strings.java:409) ~[org.eclipse.jgit_5.7.0.202003110725-r.jar:5.7.0.202003110725-r]
	at org.eclipse.jgit.ignore.internal.WildCardMatcher.<init>(WildCardMatcher.java:31) ~[org.eclipse.jgit_5.7.0.202003110725-r.jar:5.7.0.202003110725-r]
	at org.eclipse.jgit.ignore.internal.PathMatcher.createNameMatcher0(PathMatcher.java:146) ~[org.eclipse.jgit_5.7.0.202003110725-r.jar:5.7.0.202003110725-r]
	at org.eclipse.jgit.ignore.internal.PathMatcher.createPathMatcher(PathMatcher.java:104) ~[org.eclipse.jgit_5.7.0.202003110725-r.jar:5.7.0.202003110725-r]
	at org.eclipse.jgit.ignore.FastIgnoreRule.<init>(FastIgnoreRule.java:95) ~[org.eclipse.jgit_5.7.0.202003110725-r.jar:5.7.0.202003110725-r]
	at org.eclipse.jgit.ignore.IgnoreNode.parse(IgnoreNode.java:82) [org.eclipse.jgit_5.7.0.202003110725-r.jar:5.7.0.202003110725-r]
	at org.eclipse.jgit.treewalk.WorkingTreeIterator$PerDirectoryIgnoreNode.load(WorkingTreeIterator.java:1273) [org.eclipse.jgit_5.7.0.202003110725-r.jar:5.7.0.202003110725-r]
	at org.eclipse.jgit.treewalk.WorkingTreeIterator.getIgnoreNode(WorkingTreeIterator.java:740) [org.eclipse.jgit_5.7.0.202003110725-r.jar:5.7.0.202003110725-r]
	at org.eclipse.jgit.treewalk.WorkingTreeIterator.isDirectoryIgnored(WorkingTreeIterator.java:1538) [org.eclipse.jgit_5.7.0.202003110725-r.jar:5.7.0.202003110725-r]
	at org.eclipse.jgit.treewalk.WorkingTreeIterator.isDirectoryIgnored(WorkingTreeIterator.java:1516) [org.eclipse.jgit_5.7.0.202003110725-r.jar:5.7.0.202003110725-r]
	at org.eclipse.jgit.treewalk.WorkingTreeIterator.isEntryIgnored(WorkingTreeIterator.java:722) [org.eclipse.jgit_5.7.0.202003110725-r.jar:5.7.0.202003110725-r]
	at org.eclipse.jgit.treewalk.WorkingTreeIterator.isEntryIgnored(WorkingTreeIterator.java:682) [org.eclipse.jgit_5.7.0.202003110725-r.jar:5.7.0.202003110725-r]
	at org.eclipse.jgit.treewalk.WorkingTreeIterator.isEntryIgnored(WorkingTreeIterator.java:669) [org.eclipse.jgit_5.7.0.202003110725-r.jar:5.7.0.202003110725-r]
	at org.eclipse.jgit.treewalk.filter.IndexDiffFilter.include(IndexDiffFilter.java:137) [org.eclipse.jgit_5.7.0.202003110725-r.jar:5.7.0.202003110725-r]
	at org.eclipse.jgit.treewalk.filter.TreeFilter.matchFilter(TreeFilter.java:195) [org.eclipse.jgit_5.7.0.202003110725-r.jar:5.7.0.202003110725-r]
	at org.eclipse.jgit.treewalk.filter.AndTreeFilter$List.matchFilter(AndTreeFilter.java:157) [org.eclipse.jgit_5.7.0.202003110725-r.jar:5.7.0.202003110725-r]
	at org.eclipse.jgit.treewalk.TreeWalk.next(TreeWalk.java:820) [org.eclipse.jgit_5.7.0.202003110725-r.jar:5.7.0.202003110725-r]
	at org.eclipse.jgit.lib.IndexDiff.diff(IndexDiff.java:477) [org.eclipse.jgit_5.7.0.202003110725-r.jar:5.7.0.202003110725-r]
	at org.eclipse.egit.core.internal.indexdiff.IndexDiffCacheEntry.lambda$6(IndexDiffCacheEntry.java:687) [org.eclipse.egit.core_5.7.0.202003110725-r.jar:na]
	at org.eclipse.egit.core.UnitOfWork.run(UnitOfWork.java:115) ~[org.eclipse.egit.core_5.7.0.202003110725-r.jar:na]
	at org.eclipse.egit.core.internal.indexdiff.IndexDiffCacheEntry.calcIndexDiffDataFull(IndexDiffCacheEntry.java:680) [org.eclipse.egit.core_5.7.0.202003110725-r.jar:na]
	at org.eclipse.egit.core.internal.indexdiff.IndexDiffCacheEntry.access$8(IndexDiffCacheEntry.java:674) [org.eclipse.egit.core_5.7.0.202003110725-r.jar:na]
	at org.eclipse.egit.core.internal.indexdiff.IndexDiffCacheEntry$4.run(IndexDiffCacheEntry.java:420) ~[org.eclipse.egit.core_5.7.0.202003110725-r.jar:na]
	at org.eclipse.core.internal.jobs.Worker.run(Worker.java:63) ~[org.eclipse.core.jobs_3.10.700.v20200106-1020.jar:na]
